2025-11-19 09:04:21 | === BOT START ===
2025-11-19 09:04:22 | close=92936.7 | signal=HOLD | pos=False
2025-11-19 09:04:22 | HOLD
2025-11-19 17:10:29 | === BOT START ===
2025-11-19 17:10:29 | close=91839.0 | signal=HOLD | pos=False
2025-11-19 17:10:29 | HOLD
2025-11-19 17:11:11 | === BOT START ===
2025-11-19 17:11:11 | close=91839.0 | signal=HOLD | pos=False
2025-11-19 17:11:11 | HOLD
2025-11-19 18:01:02 | === BOT START ===
2025-11-19 18:01:02 | close=91444.9 | signal=HOLD | pos=False
2025-11-19 18:01:02 | HOLD
2025-11-19 19:01:02 | === BOT START ===
2025-11-19 19:01:03 | close=91495.1 | signal=HOLD | pos=False
2025-11-19 19:01:03 | HOLD
2025-11-19 20:01:02 | === BOT START ===
2025-11-19 20:01:03 | close=91273.0 | signal=HOLD | pos=False
2025-11-19 20:01:03 | HOLD
2025-11-19 21:01:02 | === BOT START ===
2025-11-19 21:01:03 | close=91372.4 | signal=HOLD | pos=False
2025-11-19 21:01:03 | HOLD
2025-11-19 22:01:02 | === BOT START ===
2025-11-19 22:01:03 | close=91741.3 | signal=HOLD | pos=False
2025-11-19 22:01:03 | HOLD
2025-11-19 23:01:04 | === BOT START ===
2025-11-19 23:01:04 | close=91358.0 | signal=HOLD | pos=False
2025-11-19 23:01:04 | HOLD
2025-11-20 00:01:04 | === BOT START ===
2025-11-20 00:01:04 | close=91680.5 | signal=HOLD | pos=False
2025-11-20 00:01:04 | HOLD
2025-11-20 01:01:02 | === BOT START ===
2025-11-20 01:01:03 | close=89908.0 | signal=BUY | pos=False
2025-11-20 01:01:03 | BUY | size=0.001 | price=89908.0
2025-11-20 02:01:02 | === BOT START ===
2025-11-20 02:01:03 | close=89880.1 | signal=BUY | pos=False
2025-11-20 02:01:03 | BUY | size=0.001 | price=89880.1
2025-11-20 03:01:02 | === BOT START ===
2025-11-20 03:01:03 | close=89485.9 | signal=BUY | pos=False
2025-11-20 03:01:03 | BUY | size=0.001 | price=89485.9
2025-11-20 04:01:02 | === BOT START ===
2025-11-20 04:01:02 | close=89234.3 | signal=BUY | pos=False
2025-11-20 04:01:02 | BUY | size=0.001 | price=89234.3
2025-11-20 05:01:02 | === BOT START ===
2025-11-20 05:01:03 | close=88879.1 | signal=BUY | pos=False
2025-11-20 05:01:03 | BUY | size=0.001 | price=88879.1
2025-11-20 06:01:02 | === BOT START ===
2025-11-20 06:01:03 | close=89500.0 | signal=HOLD | pos=False
2025-11-20 06:01:03 | HOLD
2025-11-20 07:01:02 | === BOT START ===
2025-11-20 07:01:03 | close=90569.8 | signal=HOLD | pos=False
2025-11-20 07:01:03 | HOLD
2025-11-20 08:01:02 | === BOT START ===
2025-11-20 08:01:03 | close=90440.0 | signal=HOLD | pos=False
2025-11-20 08:01:03 | HOLD
2025-11-20 09:01:02 | === BOT START ===
2025-11-20 09:01:02 | close=91504.9 | signal=HOLD | pos=False
2025-11-20 09:01:02 | HOLD
2025-11-20 09:10:05 | === BOT START ===
2025-11-20 09:10:06 | close=91504.9 | signal=HOLD | pos=False
2025-11-20 09:10:06 | HOLD
2025-11-20 11:01:02 | === BOT START ===
2025-11-20 11:01:03 | close=92552.0 | signal=HOLD | pos=False
2025-11-20 11:01:03 | HOLD
2025-11-20 12:01:02 | === BOT START ===
2025-11-20 12:01:03 | close=92547.0 | signal=HOLD | pos=False
2025-11-20 12:01:03 | HOLD
2025-11-20 13:01:02 | === BOT START ===
2025-11-20 13:01:03 | close=92392.1 | signal=HOLD | pos=False
2025-11-20 13:01:03 | HOLD
2025-11-20 14:01:02 | === BOT START ===
2025-11-20 14:01:03 | close=92921.1 | signal=HOLD | pos=False
2025-11-20 14:01:03 | HOLD
2025-11-20 15:01:02 | === BOT START ===
2025-11-20 15:01:03 | close=92573.8 | signal=HOLD | pos=False
2025-11-20 15:01:03 | HOLD
2025-11-20 16:01:02 | === BOT START ===
2025-11-20 16:01:02 | close=91934.0 | signal=HOLD | pos=False
2025-11-20 16:01:02 | HOLD
2025-11-20 17:01:02 | === BOT START ===
2025-11-20 17:01:03 | close=92287.9 | signal=HOLD | pos=False
2025-11-20 17:01:03 | HOLD
2025-11-20 18:01:02 | === BOT START ===
2025-11-20 18:01:02 | close=92089.9 | signal=HOLD | pos=False
2025-11-20 18:01:02 | HOLD
2025-11-20 19:01:02 | === BOT START ===
2025-11-20 19:01:03 | close=91871.5 | signal=HOLD | pos=False
2025-11-20 19:01:03 | HOLD
2025-11-20 20:01:02 | === BOT START ===
2025-11-20 20:01:02 | close=91765.7 | signal=BUY | pos=False
2025-11-20 20:01:02 | BUY | size=0.001 | price=91765.7
2025-11-20 21:01:02 | === BOT START ===
2025-11-20 21:01:03 | close=91891.4 | signal=HOLD | pos=True
2025-11-20 21:01:03 | HOLD
2025-11-20 22:01:02 | === BOT START ===
2025-11-20 22:01:03 | close=91799.0 | signal=HOLD | pos=True
2025-11-20 22:01:03 | HOLD
2025-11-20 23:01:04 | === BOT START ===
2025-11-20 23:01:04 | close=91489.7 | signal=SELL | pos=True
2025-11-20 23:01:04 | SELL | size=0.001 | price=91489.7
2025-11-21 00:01:04 | === BOT START ===
2025-11-21 00:01:04 | close=91082.0 | signal=BUY | pos=False
2025-11-21 00:01:04 | BUY | size=0.001 | price=91082.0
2025-11-21 01:01:02 | === BOT START ===
2025-11-21 01:01:03 | close=89850.1 | signal=SELL | pos=True
2025-11-21 01:01:03 | SELL | size=0.001 | price=89850.1
2025-11-21 02:01:02 | === BOT START ===
2025-11-21 02:01:03 | close=87870.9 | signal=BUY | pos=False
2025-11-21 02:01:03 | BUY | size=0.001 | price=87870.9
2025-11-21 03:01:02 | === BOT START ===
2025-11-21 03:01:03 | close=87223.9 | signal=SELL | pos=True
2025-11-21 03:01:03 | SELL | size=0.001 | price=87223.9
2025-11-21 04:01:02 | === BOT START ===
2025-11-21 04:01:02 | close=86473.2 | signal=BUY | pos=False
2025-11-21 04:01:02 | BUY | size=0.001 | price=86473.2
2025-11-21 05:01:02 | === BOT START ===
2025-11-21 05:01:03 | close=86900.8 | signal=SELL | pos=True
2025-11-21 05:01:03 | SELL | size=0.001 | price=86900.8
2025-11-21 06:01:02 | === BOT START ===
2025-11-21 06:01:03 | close=86455.9 | signal=BUY | pos=False
2025-11-21 06:01:03 | BUY | size=0.001 | price=86455.9
2025-11-21 07:01:02 | === BOT START ===
2025-11-21 07:01:03 | close=87267.4 | signal=SELL | pos=True
2025-11-21 07:01:03 | SELL | size=0.001 | price=87267.4
2025-11-21 08:01:02 | === BOT START ===
2025-11-21 08:01:02 | close=88041.6 | signal=HOLD | pos=False
2025-11-21 08:01:02 | HOLD
2025-11-21 09:01:02 | === BOT START ===
2025-11-21 09:01:02 | close=86602.8 | signal=BUY | pos=False
2025-11-21 09:01:02 | BUY | size=0.001 | price=86602.8
update hige get2025-11-21 10:01:02 | === BOT START ===
2025-11-21 10:01:03 | close=87253.1 | signal=SELL | pos=True
2025-11-21 10:01:03 | SELL | size=0.001 | price=87253.1
2025-11-21 11:01:02 | === BOT START ===
2025-11-21 11:01:03 | close=87021.0 | signal=BUY | pos=False
2025-11-21 11:01:03 | BUY | size=0.001 | price=87021.0
2025-11-21 12:01:02 | === BOT START ===
2025-11-21 12:01:03 | close=85407.2 | signal=SELL | pos=True
2025-11-21 12:01:03 | SELL | size=0.001 | price=85407.2
2025-11-21 13:01:02 | === BOT START ===
2025-11-21 13:01:03 | close=85800.1 | signal=HOLD | pos=False
2025-11-21 13:01:03 | HOLD
2025-11-21 14:01:02 | === BOT START ===
2025-11-21 14:01:03 | close=86028.1 | signal=HOLD | pos=False
2025-11-21 14:01:03 | HOLD
2025-11-21 15:01:02 | === BOT START ===
2025-11-21 15:01:03 | close=86160.5 | signal=HOLD | pos=False
2025-11-21 15:01:03 | HOLD
2025-11-21 16:01:02 | === BOT START ===
2025-11-21 16:01:02 | close=85554.1 | signal=BUY | pos=False
2025-11-21 16:01:02 | BUY | size=0.001 | price=85554.1
2025-11-21 17:01:02 | === BOT START ===
2025-11-21 17:01:03 | close=83997.6 | signal=SELL | pos=True
2025-11-21 17:01:03 | SELL | size=0.001 | price=83997.6
2025-11-21 18:01:02 | === BOT START ===
2025-11-21 18:01:03 | close=83596.0 | signal=HOLD | pos=False
2025-11-21 18:01:03 | HOLD
2025-11-21 19:01:02 | === BOT START ===
2025-11-21 19:01:02 | close=82187.9 | signal=BUY | pos=False
2025-11-21 19:01:02 | BUY | size=0.001 | price=82187.9
2025-11-21 20:01:02 | === BOT START ===
2025-11-21 20:01:03 | close=82682.5 | signal=SELL | pos=True
2025-11-21 20:01:03 | SELL | size=0.001 | price=82682.5
2025-11-21 21:01:02 | === BOT START ===
2025-11-21 21:01:03 | close=82296.2 | signal=BUY | pos=False
2025-11-21 21:01:03 | BUY | size=0.001 | price=82296.2
2025-11-21 22:01:02 | === BOT START ===
2025-11-21 22:01:03 | close=83236.8 | signal=SELL | pos=True
2025-11-21 22:01:03 | SELL | size=0.001 | price=83236.8
update2025-11-21 23:01:04 | === BOT START ===
2025-11-22 00:01:04 | === BOT START ===
2025-11-22 01:01:02 | === BOT START ===
2025-11-22 02:01:02 | === BOT START ===
2025-11-22 03:01:02 | === BOT START ===
2025-11-22 04:01:02 | === BOT START ===
2025-11-22 05:01:02 | === BOT START ===
2025-11-22 06:01:02 | === BOT START ===
2025-11-22 07:01:02 | === BOT START ===
2025-11-22 08:01:02 | === BOT START ===
2025-11-22 09:01:02 | === BOT START ===
